


ARM Macro Assembler    Page 1 


    1 00000000         #line   1                "..\\TransformFunctions\\arm_bi
treversal2.S"
    1 00000000         ;
    2 00000000         
    3 00000000         
    4 00000000         
    5 00000000         
    6 00000000         
    7 00000000         
    8 00000000         
    9 00000000         
   10 00000000         
   11 00000000         
   12 00000000         
   13 00000000         
   14 00000000         
   15 00000000         
   16 00000000         
   17 00000000         
   18 00000000         
   19 00000000         
   20 00000000         
   21 00000000         
   22 00000000         
   23 00000000         
   24 00000000         
   25 00000000         
   26 00000000         
   27 00000000         
   28 00000000         
   29 00000000         
   30 00000000         
   31 00000000         
   32 00000000         
   33 00000000         
   34 00000000         
   35 00000000         
   36 00000000         
   37 00000000         
   38 00000000         
   39 00000000         
   40 00000000         
   41 00000000         
   42 00000000         
   43 00000000         #line   71               "..\\TransformFunctions\\arm_bi
treversal2.S"
   71 00000000         
   72 00000000                 AREA             ||. text||, CODE, READONLY, ALI
GN=2
   73 00000000                 THUMB
   74 00000000         
   75 00000000         ;
   76 00000000         
   77 00000000         
   78 00000000         
   79 00000000         
   80 00000000         
   81 00000000         
   82 00000000                 EXPORT           arm_bitreversal_32



ARM Macro Assembler    Page 2 


   83 00000000                 EXPORT           arm_bitreversal_16
   84 00000000         
   85 00000000         
   86 00000000         
   87 00000000         arm_bitreversal_32
                               PROC
   88 00000000 1C4B            ADDS             r3,r1,#1
   89 00000002 B470            PUSH             {r4-r6}
   90 00000004 1C11            ADDS             r1,r2,#0
   91 00000006 085B            LSRS             r3,r3,#1
   92 00000008         arm_bitreversal_32_0
   93 00000008 884A            LDRH             r2,[r1,#2]
   94 0000000A 880E            LDRH             r6,[r1,#0]
   95 0000000C 4402            ADD              r2,r0,r2
   96 0000000E 4406            ADD              r6,r0,r6
   97 00000010 6815            LDR              r5,[r2,#0]
   98 00000012 6834            LDR              r4,[r6,#0]
   99 00000014 6035            STR              r5,[r6,#0]
  100 00000016 6014            STR              r4,[r2,#0]
  101 00000018 6855            LDR              r5,[r2,#4]
  102 0000001A 6874            LDR              r4,[r6,#4]
  103 0000001C 6075            STR              r5,[r6,#4]
  104 0000001E 6054            STR              r4,[r2,#4]
  105 00000020 1D09            ADDS             r1,r1,#4
  106 00000022 1E5B            SUBS             r3,r3,#1
  107 00000024 D1F0            BNE              arm_bitreversal_32_0
  108 00000026 BC70            POP              {r4-r6}
  109 00000028 4770            BX               lr
  110 0000002A                 ENDP
  111 0000002A         
  112 0000002A         arm_bitreversal_16
                               PROC
  113 0000002A 1C4B            ADDS             r3,r1,#1
  114 0000002C B470            PUSH             {r4-r6}
  115 0000002E 1C11            ADDS             r1,r2,#0
  116 00000030 085B            LSRS             r3,r3,#1
  117 00000032         arm_bitreversal_16_0
  118 00000032 884A            LDRH             r2,[r1,#2]
  119 00000034 880E            LDRH             r6,[r1,#0]
  120 00000036 0852            LSRS             r2,r2,#1
  121 00000038 0876            LSRS             r6,r6,#1
  122 0000003A 4402            ADD              r2,r0,r2
  123 0000003C 4406            ADD              r6,r0,r6
  124 0000003E 6815            LDR              r5,[r2,#0]
  125 00000040 6834            LDR              r4,[r6,#0]
  126 00000042 6035            STR              r5,[r6,#0]
  127 00000044 6014            STR              r4,[r2,#0]
  128 00000046 1D09            ADDS             r1,r1,#4
  129 00000048 1E5B            SUBS             r3,r3,#1
  130 0000004A D1F2            BNE              arm_bitreversal_16_0
  131 0000004C BC70            POP              {r4-r6}
  132 0000004E 4770            BX               lr
  133 00000050                 ENDP
  134 00000050         
  135 00000050         #line   210              "..\\TransformFunctions\\arm_bi
treversal2.S"
  210 00000050         
  211 00000050                 END
Command Line: --16 --debug --xref --cpreproc --diag_suppress=9931 --cpu=Cortex-



ARM Macro Assembler    Page 3 


M0 --apcs=interwork --depend=.\intermediatefiles\m0l\arm_bitreversal2.d -o.\int
ermediatefiles\m0l\arm_bitreversal2.o -IC:\Keil_v5\ARM\RV31\INC -IC:\Keil_v5\AR
M\CMSIS\Include -IC:\Keil_v5\ARM\PACK\ARM\CMSIS\4.2.0\Device\ARM\ARMCM0\Include
 --predefine="__UVISION_VERSION SETA 514" --predefine="ARM_MATH_CM0 SETA 1" --c
preproc_opts=-D,ARM_MATH_CM0 --list=.\intermediatefiles\m0l\arm_bitreversal2.ls
t ..\TransformFunctions\arm_bitreversal2.S



ARM Macro Assembler    Page 1 Alphabetic symbol ordering
Relocatable symbols

arm_bitreversal_16 0000002A

Symbol: arm_bitreversal_16
   Definitions
      At line 112 in file ..\\TransformFunctions\\arm_bitreversal2.S
   Uses
      At line 83 in file ..\\TransformFunctions\\arm_bitreversal2.S
Comment: arm_bitreversal_16 used once
arm_bitreversal_16_0 00000032

Symbol: arm_bitreversal_16_0
   Definitions
      At line 117 in file ..\\TransformFunctions\\arm_bitreversal2.S
   Uses
      At line 130 in file ..\\TransformFunctions\\arm_bitreversal2.S
Comment: arm_bitreversal_16_0 used once
arm_bitreversal_32 00000000

Symbol: arm_bitreversal_32
   Definitions
      At line 87 in file ..\\TransformFunctions\\arm_bitreversal2.S
   Uses
      At line 82 in file ..\\TransformFunctions\\arm_bitreversal2.S
Comment: arm_bitreversal_32 used once
arm_bitreversal_32_0 00000008

Symbol: arm_bitreversal_32_0
   Definitions
      At line 92 in file ..\\TransformFunctions\\arm_bitreversal2.S
   Uses
      At line 107 in file ..\\TransformFunctions\\arm_bitreversal2.S
Comment: arm_bitreversal_32_0 used once
|. text| 00000000

Symbol: |. text|
   Definitions
      At line 72 in file ..\\TransformFunctions\\arm_bitreversal2.S
   Uses
      None
Comment: |. text| unused
5 symbols
337 symbols in table
